Log file open, 10/30/25 18:23:52
LogWindows: Enabling Tpause support
LogTrace: Initializing trace...
LogTrace: Finished trace initialization.
LogInit: Session CrashGUID >====================================================
         Session CrashGUID >   UECC-Windows-370464EF407CF6BC36FD05A2E7CBD6AE
         Session CrashGUID >====================================================
LogConfig: No local boot hotfix file found at: [../../../../../../Users/joshu/Documents/Unreal Projects/GEII8/GEIL8/Saved/PersistentDownloadDir/HotfixForNextBoot.txt]
LogPluginManager: Mounting Engine plugin PlatformCrypto
LogInit: ExecutableName: UnrealPak.exe
LogInit: Build: ++UE5+Release-5.6-CL-44394996
LogInit: Platform=WindowsEditor
LogInit: MachineId=db90dc044c82298342dd67b17c400577
LogInit: DeviceId=
LogInit: Engine Version: 5.6.1-44394996+++UE5+Release-5.6
LogInit: Compatible Engine Version: 5.6.0-43139311+++UE5+Release-5.6
LogInit: Net CL: 43139311
LogInit: OS: Windows 11 (24H2) [10.0.26100.4652] (), CPU: 13th Gen Intel(R) Core(TM) i9-13900H, GPU: NVIDIA GeForce RTX 4070 Laptop GPU
LogInit: Compiled (64-bit): Jul 28 2025 21:09:38
LogInit: Architecture: x64
LogInit: Compiled with Visual C++: 19.38.33130.00
LogInit: Build Configuration: Development
LogInit: Branch Name: ++UE5+Release-5.6
LogInit: Command Line: -CreateGlobalContainer="C:\Users\joshu\Documents\Unreal Projects\GEII8\GEIL8\Saved\StagedBuilds\Windows\GEIL8\Content\Paks\global.utoc" -PackageStoreManifest="C:\Users\joshu\Documents\Unreal Projects\GEII8\GEIL8\Saved\Cooked\Windows\GEIL8\Metadata\packagestore.manifest" -CookedDirectory="C:\Users\joshu\Documents\Unreal Projects\GEII8\GEIL8\Saved\Cooked\Windows" -Commands="C:\Users\joshu\AppData\Roaming\Unreal Engine\AutomationTool\Logs\C+Program+Files+Epic+Games+UE_5.6\IoStoreCommands.txt" -ScriptObjects="C:\Users\joshu\Documents\Unreal Projects\GEII8\GEIL8\Saved\Cooked\Windows\GEIL8\Metadata\scriptobjects.bin" -patchpaddingalign=2048 -compressionformats=Oodle -compresslevel=4 -compressmethod=Kraken -cryptokeys="C:\Users\joshu\Documents\Unreal Projects\GEII8\GEIL8\Saved\Cooked\Windows\GEIL8\Metadata\Crypto.json" -compressionMinBytesSaved=1024 -compressionMinPercentSaved=5 -WriteBackMetadataToAssetRegistry=Disabled -nopak
LogInit: Base Directory: C:/Program Files/Epic Games/UE_5.6/Engine/Binaries/Win64/
LogInit: Allocator: Mimalloc
LogInit: Installed Engine Build: 1
LogInit: This binary is optimized with LTO: no, PGO: no, instrumented for PGO data collection: no
LogDevObjectVersion: Number of dev versions registered: 35
LogDevObjectVersion:   Dev-Blueprints (B0D832E4-1F89-4F0D-ACCF-7EB736FD4AA2): 10
LogDevObjectVersion:   Dev-Build (E1C64328-A22C-4D53-A36C-8E866417BD8C): 0
LogDevObjectVersion:   Dev-Core (375EC13C-06E4-48FB-B500-84F0262A717E): 4
LogDevObjectVersion:   Dev-Editor (E4B068ED-F494-42E9-A231-DA0B2E46BB41): 40
LogDevObjectVersion:   Dev-Framework (CFFC743F-43B0-4480-9391-14DF171D2073): 37
LogDevObjectVersion:   Dev-Mobile (B02B49B5-BB20-44E9-A304-32B752E40360): 3
LogDevObjectVersion:   Dev-Networking (A4E4105C-59A1-49B5-A7C5-40C4547EDFEE): 0
LogDevObjectVersion:   Dev-Online (39C831C9-5AE6-47DC-9A44-9C173E1C8E7C): 0
LogDevObjectVersion:   Dev-Physics (78F01B33-EBEA-4F98-B9B4-84EACCB95AA2): 20
LogDevObjectVersion:   Dev-Platform (6631380F-2D4D-43E0-8009-CF276956A95A): 0
LogDevObjectVersion:   Dev-Rendering (12F88B9F-8875-4AFC-A67C-D90C383ABD29): 49
LogDevObjectVersion:   Dev-Sequencer (7B5AE74C-D270-4C10-A958-57980B212A5A): 13
LogDevObjectVersion:   Dev-VR (D7296918-1DD6-4BDD-9DE2-64A83CC13884): 3
LogDevObjectVersion:   Dev-LoadTimes (C2A15278-BFE7-4AFE-6C17-90FF531DF755): 1
LogDevObjectVersion:   Private-Geometry (6EACA3D4-40EC-4CC1-B786-8BED09428FC5): 3
LogDevObjectVersion:   Dev-AnimPhys (29E575DD-E0A3-4627-9D10-D276232CDCEA): 17
LogDevObjectVersion:   Dev-Anim (AF43A65D-7FD3-4947-9873-3E8ED9C1BB05): 15
LogDevObjectVersion:   Dev-ReflectionCapture (6B266CEC-1EC7-4B8F-A30B-E4D90942FC07): 1
LogDevObjectVersion:   Dev-Automation (0DF73D61-A23F-47EA-B727-89E90C41499A): 1
LogDevObjectVersion:   FortniteMain (601D1886-AC64-4F84-AA16-D3DE0DEAC7D6): 207
LogDevObjectVersion:   FortniteValkyrie (8DBC2C5B-54A7-43E0-A768-FCBB7DA29060): 8
LogDevObjectVersion:   FortniteSeason (5B4C06B7-2463-4AF8-805B-BF70CDF5D0DD): 13
LogDevObjectVersion:   FortniteRelease (E7086368-6B23-4C58-8439-1B7016265E91): 17
LogDevObjectVersion:   Dev-Enterprise (9DFFBCD6-494F-0158-E221-12823C92A888): 11
LogDevObjectVersion:   Dev-Niagara (F2AED0AC-9AFE-416F-8664-AA7FFA26D6FC): 1
LogDevObjectVersion:   Dev-Destruction (174F1F0B-B4C6-45A5-B13F-2EE8D0FB917D): 10
LogDevObjectVersion:   Dev-Physics-Ext (35F94A83-E258-406C-A318-09F59610247C): 41
LogDevObjectVersion:   Dev-PhysicsMaterial-Chaos (B68FC16E-8B1B-42E2-B453-215C058844FE): 1
LogDevObjectVersion:   Dev-CineCamera (B2E18506-4273-CFC2-A54E-F4BB758BBA07): 1
LogDevObjectVersion:   Dev-VirtualProduction (64F58936-FD1B-42BA-BA96-7289D5D0FA4E): 1
LogDevObjectVersion:   UE5-Main (697DD581-E64F-41AB-AA4A-51ECBEB7B628): 121
LogDevObjectVersion:   UE5-Release (D89B5E42-24BD-4D46-8412-ACA8DF641779): 56
LogDevObjectVersion:   UE5-SpecialProject (59DA5D52-1232-4948-B878-597870B8E98B): 9
LogDevObjectVersion:   Dev-MediaFramework (6F0ED827-A609-4895-9C91-998D90180EA4): 2
LogDevObjectVersion:   Dev-NaniteResearch (30D58BE3-95EA-4282-A6E3-B159D8EBB06A): 1
LogInit: Presizing for max 100000 objects, including 0 objects not considered by GC.
LogInit: Object subsystem initialized
LogConfig: Applying CVar settings from Section [Startup] File [../../../Engine/Config/ConsoleVariables.ini]
LogConfig: CVar [[r.DumpShaderDebugInfo:2]] deferred - dummy variable created
LogConfig: CVar [[p.chaos.AllowCreatePhysxBodies:1]] deferred - dummy variable created
LogConfig: CVar [[fx.SkipVectorVMBackendOptimizations:1]] deferred - dummy variable created
LogConfig: CVar [[ds.CADTranslator.Meshing.ActivateThinZoneMeshing:0]] deferred - dummy variable created
LogConfig: CVar [[ds.CADTranslator.Stitching.RemoveThinFaces:0]] deferred - dummy variable created
LogConfig: Applying CVar settings from Section [Startup_Windows] File [../../../Engine/Config/ConsoleVariables.ini]
[2025.10.30-22.23.52:236][  0]LogConfig: Applying CVar settings from Section [ConsoleVariables] File [Engine]
[2025.10.30-22.23.52:236][  0]LogInit: Computer: LAPTOP-FNMKRNJC
[2025.10.30-22.23.52:236][  0]LogInit: User: joshu
[2025.10.30-22.23.52:236][  0]LogInit: CPU Page size=4096, Cores=14
[2025.10.30-22.23.52:236][  0]LogInit: High frequency timer resolution =10.000000 MHz
[2025.10.30-22.23.52:236][  0]LogMemory: Process is running as part of a Windows Job with separate resource limits
[2025.10.30-22.23.52:236][  0]LogMemory: Memory total: Physical=15.8GB (16GB approx) Virtual=34.6GB
[2025.10.30-22.23.52:236][  0]LogMemory: Platform Memory Stats for WindowsEditor
[2025.10.30-22.23.52:236][  0]LogMemory: Process Physical Memory: 73.61 MB used, 73.61 MB peak
[2025.10.30-22.23.52:236][  0]LogMemory: Process Virtual Memory: 144.29 MB used, 144.29 MB peak
[2025.10.30-22.23.52:236][  0]LogMemory: Physical Memory: 13147.29 MB used,  3028.77 MB free, 16176.05 MB total
[2025.10.30-22.23.52:236][  0]LogMemory: Virtual Memory: 31905.24 MB used,  3558.18 MB free, 35463.42 MB total
[2025.10.30-22.23.52:240][  0]LogAssetRegistry: FAssetRegistry took 0.0001 seconds to start up
[2025.10.30-22.23.52:241][  0]LogUObjectArray: 462 objects as part of root set at end of initial load.
[2025.10.30-22.23.52:241][  0]LogUObjectArray: CloseDisregardForGC: 0/0 objects in disregard for GC pool
[2025.10.30-22.23.52:241][  0]LogInit: Using OS detected language ().
[2025.10.30-22.23.52:241][  0]LogInit: Using OS detected locale ().
[2025.10.30-22.23.52:243][  0]LogTextLocalizationManager: No localization for '' exists, so 'en' will be used for the language.
[2025.10.30-22.23.52:243][  0]LogTextLocalizationManager: No localization for '' exists, so 'en' will be used for the locale.
[2025.10.30-22.23.52:243][  0]LogInit: Using OS detected language ().
[2025.10.30-22.23.52:243][  0]LogInit: Using OS detected locale ().
[2025.10.30-22.23.52:243][  0]LogTextLocalizationManager: No localization for '' exists, so 'en' will be used for the language.
[2025.10.30-22.23.52:243][  0]LogTextLocalizationManager: No localization for '' exists, so 'en' will be used for the locale.
[2025.10.30-22.23.52:243][  0]LogPakFile: Display: ProjectDir: ../../../../../../Users/joshu/Documents/Unreal Projects/GEII8/GEIL8/
[2025.10.30-22.23.52:243][  0]LogIoStore: Display: ==================== IoStore Utils ====================
[2025.10.30-22.23.52:244][  0]LogIoStore: Display: Parsing crypto keys from a crypto key cache file 'C:\Users\joshu\Documents\Unreal Projects\GEII8\GEIL8\Saved\Cooked\Windows\GEIL8\Metadata\Crypto.json'
[2025.10.30-22.23.52:245][  0]LogIoStore: Display: Container signing - DISABLED
[2025.10.30-22.23.52:245][  0]LogIoStore: Display: Directory index - ENABLED
[2025.10.30-22.23.52:245][  0]LogIoStore: Display: Using compression format 'Oodle'
[2025.10.30-22.23.52:245][  0]LogIoStore: Display: Using memory mapping alignment '16384'
[2025.10.30-22.23.52:245][  0]LogIoStore: Display: Using compression block size '65536'
[2025.10.30-22.23.52:245][  0]LogIoStore: Display: Using compression block alignment '2048'
[2025.10.30-22.23.52:245][  0]LogIoStore: Display: Using compression min bytes saved '1024'
[2025.10.30-22.23.52:245][  0]LogIoStore: Display: Using compression min percent saved '5'
[2025.10.30-22.23.52:245][  0]LogIoStore: Display: Using max partition size '0'
[2025.10.30-22.23.52:245][  0]LogIoStore: Display: Not using DDC for compression
[2025.10.30-22.23.52:245][  0]LogIoStore: Display: Using command list file: 'C:\Users\joshu\AppData\Roaming\Unreal Engine\AutomationTool\Logs\C+Program+Files+Epic+Games+UE_5.6\IoStoreCommands.txt'
[2025.10.30-22.23.52:263][  0]LogIoStore: Display: Selected Oodle level 4 (Normal) from command line for shaders
[2025.10.30-22.23.52:265][  0]LogIoStore: Display: Fetched 534 oplog items from Manifest in 0.00 seconds
[2025.10.30-22.23.52:267][  0]LogIoStore: Display: Parsed 534 oplog items 0.00 seconds, 711 chunks
[2025.10.30-22.23.52:270][  0]LogIoStore: Display: Using input asset registry: C:/Users/joshu/Documents/Unreal Projects/GEII8/GEIL8/Saved/Cooked/Windows/GEIL8/Metadata/DevelopmentAssetRegistry.bin
[2025.10.30-22.23.52:273][  0]LogIoStore: Display: Loaded 184 chunk hashes from AssetRegistry in 0.01 seconds, 184 hashes updated in 0.00 seconds
[2025.10.30-22.23.52:274][  0]LogIoStore: Display: Searching for cooked assets in folder 'C:\Users\joshu\Documents\Unreal Projects\GEII8\GEIL8\Saved\Cooked\Windows'
[2025.10.30-22.23.52:282][  0]LogIoStore: Display: Found '1246' files
[2025.10.30-22.23.52:290][  0]LogIoStore: Display: Creating container targets...
[2025.10.30-22.23.52:294][  0]OodleDataCompression: Display: Oodle v2.9.13 format for pak/iostore with method=Kraken, level=4=Normal
[2025.10.30-22.23.52:324][  0]LogIoStore: Display: Parsing packages...
[2025.10.30-22.23.52:324][  0]LogIoStore: Display: Reading package assets...
[2025.10.30-22.23.52:328][  0]LogIoStore: Display: Packages read 527 files in 0.00 seconds, 1,256,931 total bytes, 356,232,570 bytes per second
[2025.10.30-22.23.52:331][  0]LogIoStore: Display: Processing shader libraries, compressing with Oodle Mermaid, level 4 (Normal)
[2025.10.30-22.23.52:333][  0]LogShaderLibrary: Display: Created IoStoreShaderArchive header: shaders grouped in 167 groups (74 of them didn't need new indices), average uncompressed size 75178 bytes, min 490 bytes, max 966610 bytes (r.ShaderCodeLibrary.MaxShaderGroupSize=1048576)
[2025.10.30-22.23.52:357][  0]LogIoStore: Display: GEIL8-PCD3D_SM5(PCD3D_SM5): Recompressed 1123 shaders as 167 groups. Library size changed from 3341 KB (3.67 : 1 ratio) to 1430 KB (8.57 : 1 ratio), 42.82% of previous.
[2025.10.30-22.23.52:368][  0]LogShaderLibrary: Display: Created IoStoreShaderArchive header: shaders grouped in 195 groups (55 of them didn't need new indices), average uncompressed size 135683 bytes, min 2342 bytes, max 964028 bytes (r.ShaderCodeLibrary.MaxShaderGroupSize=1048576)
[2025.10.30-22.23.52:497][  0]LogIoStore: Display: GEIL8-PCD3D_SM6(PCD3D_SM6): Recompressed 2122 shaders as 195 groups. Library size changed from 19791 KB (1.31 : 1 ratio) to 12945 KB (2.00 : 1 ratio), 65.41% of previous.
[2025.10.30-22.23.52:508][  0]LogShaderLibrary: Display: Created IoStoreShaderArchive header: shaders grouped in 379 groups (139 of them didn't need new indices), average uncompressed size 150965 bytes, min 249 bytes, max 1048075 bytes (r.ShaderCodeLibrary.MaxShaderGroupSize=1048576)
[2025.10.30-22.23.52:577][  0]LogIoStore: Display: Global-PCD3D_SM5(PCD3D_SM5): Recompressed 4106 shaders as 379 groups. Library size changed from 12766 KB (4.38 : 1 ratio) to 5612 KB (9.96 : 1 ratio), 43.96% of previous.
[2025.10.30-22.23.52:672][  0]LogShaderLibrary: Display: Created IoStoreShaderArchive header: shaders grouped in 636 groups (187 of them didn't need new indices), average uncompressed size 298237 bytes, min 1249 bytes, max 1045520 bytes (r.ShaderCodeLibrary.MaxShaderGroupSize=1048576)
[2025.10.30-22.23.53:948][  0]LogIoStore: Display: Global-PCD3D_SM6(PCD3D_SM6): Recompressed 10691 shaders as 636 groups. Library size changed from 140593 KB (1.32 : 1 ratio) to 82364 KB (2.25 : 1 ratio), 58.58% of previous.
[2025.10.30-22.23.53:960][  0]LogIoStore: Display: Shaders processed in 1.63 seconds
[2025.10.30-22.23.53:960][  0]LogIoStore: Display: Initialized WriteRequestManager with MaxConcurrentSourceReads=10 (20 cores), MaxSourceBufferMemory=3072MiB
[2025.10.30-22.23.53:962][  0]LogIoStore: Display: Processing redirects...
[2025.10.30-22.23.53:962][  0]LogIoStore: Display: Creating disk layout...
[2025.10.30-22.23.53:963][  0]LogIoStore: Display: Ordered 527 packages using fallback bundle order
[2025.10.30-22.23.53:976][  0]LogIoStore: Display: Serializing container(s)...
[2025.10.30-22.23.54:772][  0]LogIoStore: Display: Writing and compressing took 0.70 seconds, writes to disk took 0.37 seconds for 295,424,240 bytes @ 795,304,588 bytes per second.
[2025.10.30-22.23.54:772][  0]LogIoStore: Display: global: Found perfect hashmap for 1 items.
[2025.10.30-22.23.54:772][  0]LogIoStore: Display: GEIL8-Windows: Found perfect hashmap for 2092 items.
[2025.10.30-22.23.54:781][  0]LogIoStore: Display: Finalize took 0.0 seconds for 2 writers to write 237,223 bytes, 28,617,632 bytes per second
[2025.10.30-22.23.54:781][  0]LogIoStore: Display: Writing tocs... [Physical: 832 MiB, Virtual: 3557 MiB]
[2025.10.30-22.23.54:781][  0]LogIoStore: Display: 184 / 2,093 hashes were loaded from the hash database, by type:
[2025.10.30-22.23.54:781][  0]LogIoStore: Display:     BulkData                   184
[2025.10.30-22.23.54:781][  0]LogIoStore: Display: 711 / 2,093 chunks attempted to compress, by type:
[2025.10.30-22.23.54:781][  0]LogIoStore: Display:     ExportBundleData           527 / 527
[2025.10.30-22.23.54:781][  0]LogIoStore: Display:     BulkData                   184 / 184
[2025.10.30-22.23.54:781][  0]LogIoStore: Display:     ScriptObjects              0 / 1
[2025.10.30-22.23.54:781][  0]LogIoStore: Display:     ContainerHeader            0 / 1
[2025.10.30-22.23.54:781][  0]LogIoStore: Display:     ShaderCodeLibrary          0 / 4
[2025.10.30-22.23.54:781][  0]LogIoStore: Display:     ShaderCode                 0 / 1,376
[2025.10.30-22.23.54:781][  0]LogIoStore: Display: Source bytes read:
[2025.10.30-22.23.54:781][  0]LogIoStore: Display:     Zen:                                  0
[2025.10.30-22.23.54:781][  0]LogIoStore: Display:     Loose File:                 526,154,954
[2025.10.30-22.23.54:781][  0]LogIoStore: Display:         ExportBundleData        378,664,694 bytes over 1,054 reads
[2025.10.30-22.23.54:781][  0]LogIoStore: Display:         BulkData                147,490,260 bytes over 184 reads
[2025.10.30-22.23.54:781][  0]LogIoStore: Display:     Memory:                     211,058,748
[2025.10.30-22.23.54:781][  0]LogIoStore: Display:         ShaderCodeLibrary         1,441,240 bytes over 8 reads
[2025.10.30-22.23.54:781][  0]LogIoStore: Display:         ShaderCode              209,617,508 bytes over 2,752 reads
[2025.10.30-22.23.54:781][  0]LogIoStore: Display: Calculating stats...
[2025.10.30-22.23.54:781][  0]LogIoStore: Display: 
[2025.10.30-22.23.54:781][  0]LogIoStore: Display: Container Summary
[2025.10.30-22.23.54:781][  0]LogIoStore: Display: ==================
[2025.10.30-22.23.54:781][  0]LogIoStore: Display: 
[2025.10.30-22.23.54:781][  0]LogIoStore: Display: Container                                               Flags      Chunk(s) #       TOC (KiB)       Raw Size (MiB)           Size (MiB)
[2025.10.30-22.23.54:781][  0]LogIoStore: Display: ----------------------------------------------------------------------------------------------------------------------------------------------
[2025.10.30-22.23.54:781][  0]LogIoStore: Display: global                                              -/-/-/-/-               1            0.65                 2.43                 2.43 -
[2025.10.30-22.23.54:781][  0]LogIoStore: Display: GEIL8-Windows                                       C/-/-/I/-            2092          231.02               424.23               279.31 (34.16% Oodle)
[2025.10.30-22.23.54:781][  0]LogIoStore: Display: ----------------------------------------------------------------------------------------------------------------------------------------------
[2025.10.30-22.23.54:781][  0]LogIoStore: Display: Total                                                                    2093          231.66               426.66               281.74
[2025.10.30-22.23.54:781][  0]LogIoStore: Display: 
[2025.10.30-22.23.54:781][  0]LogIoStore: Display: ** Flags: (C)ompressed / (E)ncrypted / (S)igned) / (I)ndexed) / (O)nDemand **
[2025.10.30-22.23.54:781][  0]LogIoStore: Display: 
[2025.10.30-22.23.54:781][  0]LogIoStore: Display: Compression block padding:     1.53 MiB
[2025.10.30-22.23.54:781][  0]LogIoStore: Display: 
[2025.10.30-22.23.54:781][  0]LogIoStore: Display: Container Directory Index
[2025.10.30-22.23.54:781][  0]LogIoStore: Display: ==========================
[2025.10.30-22.23.54:781][  0]LogIoStore: Display: 
[2025.10.30-22.23.54:781][  0]LogIoStore: Display: Container                                          Size (KiB)
[2025.10.30-22.23.54:781][  0]LogIoStore: Display: ----------------------------------------------------------------------------------------------------------------------------------------------
[2025.10.30-22.23.54:781][  0]LogIoStore: Display: global                                                   0.00
[2025.10.30-22.23.54:781][  0]LogIoStore: Display: GEIL8-Windows                                           34.46
[2025.10.30-22.23.54:781][  0]LogIoStore: Display: 
[2025.10.30-22.23.54:781][  0]LogIoStore: Display: Container Patch Report
[2025.10.30-22.23.54:781][  0]LogIoStore: Display: ========================
[2025.10.30-22.23.54:781][  0]LogIoStore: Display: 
[2025.10.30-22.23.54:781][  0]LogIoStore: Display: Container                                             Total #       Modified #          Added #   Modified (MiB)      Added (MiB)
[2025.10.30-22.23.54:781][  0]LogIoStore: Display: ----------------------------------------------------------------------------------------------------------------------------------------------
[2025.10.30-22.23.54:781][  0]LogIoStore: Display: global                                                      1                0                0             0.00             0.00
[2025.10.30-22.23.54:781][  0]LogIoStore: Display: GEIL8-Windows                                            2092                0             2092             0.00           277.78
[2025.10.30-22.23.54:781][  0]LogIoStore: Display: 
[2025.10.30-22.23.54:781][  0]LogIoStore: Display: PackageStore
[2025.10.30-22.23.54:781][  0]LogIoStore: Display: =============
[2025.10.30-22.23.54:781][  0]LogIoStore: Display: 
[2025.10.30-22.23.54:781][  0]LogIoStore: Display: Container                                          Size (KiB)      Packages #     Localized #
[2025.10.30-22.23.54:781][  0]LogIoStore: Display: ----------------------------------------------------------------------------------------------------------------------------------------------
[2025.10.30-22.23.54:781][  0]LogIoStore: Display: GEIL8-Windows                                              17             527               0
[2025.10.30-22.23.54:781][  0]LogIoStore: Display: ----------------------------------------------------------------------------------------------------------------------------------------------
[2025.10.30-22.23.54:781][  0]LogIoStore: Display: Total                                                      17             527               0
[2025.10.30-22.23.54:781][  0]LogIoStore: Display: 
[2025.10.30-22.23.54:781][  0]LogIoStore: Display: 
[2025.10.30-22.23.54:781][  0]LogIoStore: Display: Input:       527 Packages
[2025.10.30-22.23.54:781][  0]LogIoStore: Display: Input:      0.18 GB UExp
[2025.10.30-22.23.54:781][  0]LogIoStore: Display: Input:      0.00 GB UAsset
[2025.10.30-22.23.54:781][  0]LogIoStore: Display: Input:      0.14 GB UBulk
[2025.10.30-22.23.54:781][  0]LogIoStore: Display: Input:     85.91 MB for 1015 Global shaders
[2025.10.30-22.23.54:781][  0]LogIoStore: Display: Input:      1.58 MB for 165 Shared shaders
[2025.10.30-22.23.54:781][  0]LogIoStore: Display: Input:      0.00 MB for 0 Unique shaders
[2025.10.30-22.23.54:781][  0]LogIoStore: Display: Input:     12.46 MB for 196 Inline shaders
[2025.10.30-22.23.54:781][  0]LogIoStore: Display: 
[2025.10.30-22.23.54:781][  0]LogIoStore: Display: Output:     5323 Name map entries
[2025.10.30-22.23.54:781][  0]LogIoStore: Display: Output:      543 Imported package entries
[2025.10.30-22.23.54:781][  0]LogIoStore: Display: Output:      281 Packages without imports
[2025.10.30-22.23.54:781][  0]LogIoStore: Display: Output:        0 Public runtime script objects
[2025.10.30-22.23.54:781][  0]LogIoStore: Display: Output:     0.00 GB HeaderData
[2025.10.30-22.23.54:781][  0]LogIoStore: Display: Output:     2.43 MB InitialLoadData
[2025.10.30-22.23.54:781][  0]LogIoStore: Display: 
[2025.10.30-22.23.54:784][  0]LogPakFile: Display: UnrealPak executed in 2.542006 seconds
[2025.10.30-22.23.54:790][  0]LogCore: Engine exit requested (reason: UnrealPak Exiting)
[2025.10.30-22.23.54:790][  0]LogExit: Preparing to exit.
[2025.10.30-22.23.54:790][  0]LogExit: Object subsystem successfully closed.
[2025.10.30-22.23.54:790][  0]LogPakFile: Destroying PakPlatformFile
[2025.10.30-22.23.54:791][  0]LogExit: Exiting.
[2025.10.30-22.23.54:806][  0]Log file closed, 10/30/25 18:23:54
